This is pdfTeX, Version 3.14159265-2.6-1.40.18 (TeX Live 2017/Arch Linux) (preloaded format=pdflatex 2018.3.22)  20 APR 2018 14:10
entering extended mode
 \write18 enabled.
 file:line:error style messages enabled.
 %&-line parsing enabled.
**beamerthemeconfposter.sty
(./beamerthemeconfposter.sty
LaTeX2e <2017-04-15>
Babel <3.18> and hyphenation patterns for 84 language(s) loaded.

LaTeX Warning: You have requested package `',
               but the package provides `beamerthemeconfposter'.

Package: beamerthemeconfposter 
(/usr/share/texmf-dist/tex/latex/pgf/frontendlayer/tikz.sty (/usr/share/texmf-dist/tex/latex/pgf/basiclayer/pgf.sty (/usr/share/texmf-dist/tex/latex/pgf/utilities/pgfrcs.sty (/usr/share/texmf-dist/tex/generic/pgf/utilities/pgfutil-common.tex
\pgfutil@everybye=\toks14
\pgfutil@tempdima=\dimen102
\pgfutil@tempdimb=\dimen103
 (/usr/share/texmf-dist/tex/generic/pgf/utilities/pgfutil-common-lists.tex)) (/usr/share/texmf-dist/tex/generic/pgf/utilities/pgfutil-latex.def
\pgfutil@abb=\box26
 (/usr/share/texmf-dist/tex/latex/ms/everyshi.sty
Package: everyshi 2001/05/15 v3.00 EveryShipout Package (MS)
)) (/usr/share/texmf-dist/tex/generic/pgf/utilities/pgfrcs.code.tex
Package: pgfrcs 2015/08/07 v3.0.1a (rcs-revision 1.31)
))
Package: pgf 2015/08/07 v3.0.1a (rcs-revision 1.15)
 (/usr/share/texmf-dist/tex/latex/pgf/basiclayer/pgfcore.sty (/usr/share/texmf-dist/tex/latex/graphics/graphicx.sty
Package: graphicx 2017/06/01 v1.1a Enhanced LaTeX Graphics (DPC,SPQR)
 (/usr/share/texmf-dist/tex/latex/graphics/keyval.sty
Package: keyval 2014/10/28 v1.15 key=value parser (DPC)
\KV@toks@=\toks15
) (/usr/share/texmf-dist/tex/latex/graphics/graphics.sty
Package: graphics 2017/06/25 v1.2c Standard LaTeX Graphics (DPC,SPQR)
 (/usr/share/texmf-dist/tex/latex/graphics/trig.sty
Package: trig 2016/01/03 v1.10 sin cos tan (DPC)
) (/usr/share/texmf-dist/tex/latex/graphics-cfg/graphics.cfg
File: graphics.cfg 2016/06/04 v1.11 sample graphics configuration
)
Package graphics Info: Driver file: pdftex.def on input line 99.
 (/usr/share/texmf-dist/tex/latex/graphics-def/pdftex.def
File: pdftex.def 2018/01/08 v1.0l Graphics/color driver for pdftex
))
\Gin@req@height=\dimen104
\Gin@req@width=\dimen105
) (/usr/share/texmf-dist/tex/latex/pgf/systemlayer/pgfsys.sty (/usr/share/texmf-dist/tex/generic/pgf/systemlayer/pgfsys.code.tex
Package: pgfsys 2014/07/09 v3.0.1a (rcs-revision 1.48)
 (/usr/share/texmf-dist/tex/generic/pgf/utilities/pgfkeys.code.tex
\pgfkeys@pathtoks=\toks16
\pgfkeys@temptoks=\toks17
 (/usr/share/texmf-dist/tex/generic/pgf/utilities/pgfkeysfiltered.code.tex
\pgfkeys@tmptoks=\toks18
))
\pgf@x=\dimen106
\pgf@y=\dimen107
\pgf@xa=\dimen108
\pgf@ya=\dimen109
\pgf@xb=\dimen110
\pgf@yb=\dimen111
\pgf@xc=\dimen112
\pgf@yc=\dimen113
\w@pgf@writea=\write3
\r@pgf@reada=\read1
\c@pgf@counta=\count79
\c@pgf@countb=\count80
\c@pgf@countc=\count81
\c@pgf@countd=\count82
\t@pgf@toka=\toks19
\t@pgf@tokb=\toks20
\t@pgf@tokc=\toks21
 (/usr/share/texmf-dist/tex/generic/pgf/systemlayer/pgf.cfg
File: pgf.cfg 2008/05/14  (rcs-revision 1.7)
)
Driver file for pgf: pgfsys-pdftex.def
 (/usr/share/texmf-dist/tex/generic/pgf/systemlayer/pgfsys-pdftex.def
File: pgfsys-pdftex.def 2014/10/11  (rcs-revision 1.35)
 (/usr/share/texmf-dist/tex/generic/pgf/systemlayer/pgfsys-common-pdf.def
File: pgfsys-common-pdf.def 2013/10/10  (rcs-revision 1.13)
))) (/usr/share/texmf-dist/tex/generic/pgf/systemlayer/pgfsyssoftpath.code.tex
File: pgfsyssoftpath.code.tex 2013/09/09  (rcs-revision 1.9)
\pgfsyssoftpath@smallbuffer@items=\count83
\pgfsyssoftpath@bigbuffer@items=\count84
) (/usr/share/texmf-dist/tex/generic/pgf/systemlayer/pgfsysprotocol.code.tex
File: pgfsysprotocol.code.tex 2006/10/16  (rcs-revision 1.4)
)) (/usr/share/texmf-dist/tex/latex/xcolor/xcolor.sty
Package: xcolor 2016/05/11 v2.12 LaTeX color extensions (UK)
 (/usr/share/texmf-dist/tex/latex/graphics-cfg/color.cfg
File: color.cfg 2016/01/02 v1.6 sample color configuration
)
Package xcolor Info: Driver file: pdftex.def on input line 225.
Package xcolor Info: Model `cmy' substituted by `cmy0' on input line 1348.
Package xcolor Info: Model `hsb' substituted by `rgb' on input line 1352.
Package xcolor Info: Model `RGB' extended on input line 1364.
Package xcolor Info: Model `HTML' substituted by `rgb' on input line 1366.
Package xcolor Info: Model `Hsb' substituted by `hsb' on input line 1367.
Package xcolor Info: Model `tHsb' substituted by `hsb' on input line 1368.
Package xcolor Info: Model `HSB' substituted by `hsb' on input line 1369.
Package xcolor Info: Model `Gray' substituted by `gray' on input line 1370.
Package xcolor Info: Model `wave' substituted by `hsb' on input line 1371.
) (/usr/share/texmf-dist/tex/generic/pgf/basiclayer/pgfcore.code.tex
Package: pgfcore 2010/04/11 v3.0.1a (rcs-revision 1.7)
 (/usr/share/texmf-dist/tex/generic/pgf/math/pgfmath.code.tex (/usr/share/texmf-dist/tex/generic/pgf/math/pgfmathcalc.code.tex (/usr/share/texmf-dist/tex/generic/pgf/math/pgfmathutil.code.tex) (/usr/share/texmf-dist/tex/generic/pgf/math/pgfmathparser.code.tex
\pgfmath@dimen=\dimen114
\pgfmath@count=\count85
\pgfmath@box=\box27
\pgfmath@toks=\toks22
\pgfmath@stack@operand=\toks23
\pgfmath@stack@operation=\toks24
)
(/usr/share/texmf-dist/tex/generic/pgf/math/pgfmathfunctions.code.tex (/usr/share/texmf-dist/tex/generic/pgf/math/pgfmathfunctions.basic.code.tex) (/usr/share/texmf-dist/tex/generic/pgf/math/pgfmathfunctions.trigonometric.code.tex) (/usr/share/texmf-dist/tex/generic/pgf/math/pgfmathfunctions.random.code.tex) (/usr/share/texmf-dist/tex/generic/pgf/math/pgfmathfunctions.comparison.code.tex) (/usr/share/texmf-dist/tex/generic/pgf/math/pgfmathfunctions.base.code.tex) (/usr/share/texmf-dist/tex/generic/pgf/math/pgfmathfunctions.round.code.tex) (/usr/share/texmf-dist/tex/generic/pgf/math/pgfmathfunctions.misc.code.tex) (/usr/share/texmf-dist/tex/generic/pgf/math/pgfmathfunctions.integerarithmetics.code.tex))) (/usr/share/texmf-dist/tex/generic/pgf/math/pgfmathfloat.code.tex
\c@pgfmathroundto@lastzeros=\count86
)) (/usr/share/texmf-dist/tex/generic/pgf/basiclayer/pgfcorepoints.code.tex
File: pgfcorepoints.code.tex 2013/10/07  (rcs-revision 1.27)
\pgf@picminx=\dimen115
\pgf@picmaxx=\dimen116
\pgf@picminy=\dimen117
\pgf@picmaxy=\dimen118
\pgf@pathminx=\dimen119
\pgf@pathmaxx=\dimen120
\pgf@pathminy=\dimen121
\pgf@pathmaxy=\dimen122
\pgf@xx=\dimen123
\pgf@xy=\dimen124
\pgf@yx=\dimen125
\pgf@yy=\dimen126
\pgf@zx=\dimen127
\pgf@zy=\dimen128
) (/usr/share/texmf-dist/tex/generic/pgf/basiclayer/pgfcorepathconstruct.code.tex
File: pgfcorepathconstruct.code.tex 2013/10/07  (rcs-revision 1.29)
\pgf@path@lastx=\dimen129
\pgf@path@lasty=\dimen130
) (/usr/share/texmf-dist/tex/generic/pgf/basiclayer/pgfcorepathusage.code.tex
File: pgfcorepathusage.code.tex 2014/11/02  (rcs-revision 1.24)
\pgf@shorten@end@additional=\dimen131
\pgf@shorten@start@additional=\dimen132
) (/usr/share/texmf-dist/tex/generic/pgf/basiclayer/pgfcorescopes.code.tex
File: pgfcorescopes.code.tex 2015/05/08  (rcs-revision 1.46)
\pgfpic=\box28
\pgf@hbox=\box29
\pgf@layerbox@main=\box30
\pgf@picture@serial@count=\count87
) (/usr/share/texmf-dist/tex/generic/pgf/basiclayer/pgfcoregraphicstate.code.tex
File: pgfcoregraphicstate.code.tex 2014/11/02  (rcs-revision 1.12)
\pgflinewidth=\dimen133
) (/usr/share/texmf-dist/tex/generic/pgf/basiclayer/pgfcoretransformations.code.tex
File: pgfcoretransformations.code.tex 2015/08/07  (rcs-revision 1.20)
\pgf@pt@x=\dimen134
\pgf@pt@y=\dimen135
\pgf@pt@temp=\dimen136
) (/usr/share/texmf-dist/tex/generic/pgf/basiclayer/pgfcorequick.code.tex
File: pgfcorequick.code.tex 2008/10/09  (rcs-revision 1.3)
) (/usr/share/texmf-dist/tex/generic/pgf/basiclayer/pgfcoreobjects.code.tex
File: pgfcoreobjects.code.tex 2006/10/11  (rcs-revision 1.2)
) (/usr/share/texmf-dist/tex/generic/pgf/basiclayer/pgfcorepathprocessing.code.tex
File: pgfcorepathprocessing.code.tex 2013/09/09  (rcs-revision 1.9)
) (/usr/share/texmf-dist/tex/generic/pgf/basiclayer/pgfcorearrows.code.tex
File: pgfcorearrows.code.tex 2015/05/14  (rcs-revision 1.43)
\pgfarrowsep=\dimen137
) (/usr/share/texmf-dist/tex/generic/pgf/basiclayer/pgfcoreshade.code.tex
File: pgfcoreshade.code.tex 2013/07/15  (rcs-revision 1.15)
\pgf@max=\dimen138
\pgf@sys@shading@range@num=\count88
) (/usr/share/texmf-dist/tex/generic/pgf/basiclayer/pgfcoreimage.code.tex
File: pgfcoreimage.code.tex 2013/07/15  (rcs-revision 1.18)
 (/usr/share/texmf-dist/tex/generic/pgf/basiclayer/pgfcoreexternal.code.tex
File: pgfcoreexternal.code.tex 2014/07/09  (rcs-revision 1.21)
\pgfexternal@startupbox=\box31
)) (/usr/share/texmf-dist/tex/generic/pgf/basiclayer/pgfcorelayers.code.tex
File: pgfcorelayers.code.tex 2013/07/18  (rcs-revision 1.7)
) (/usr/share/texmf-dist/tex/generic/pgf/basiclayer/pgfcoretransparency.code.tex
File: pgfcoretransparency.code.tex 2013/09/30  (rcs-revision 1.5)
)
(/usr/share/texmf-dist/tex/generic/pgf/basiclayer/pgfcorepatterns.code.tex
File: pgfcorepatterns.code.tex 2013/11/07  (rcs-revision 1.5)
))) (/usr/share/texmf-dist/tex/generic/pgf/modules/pgfmoduleshapes.code.tex
File: pgfmoduleshapes.code.tex 2014/03/21  (rcs-revision 1.35)
\pgfnodeparttextbox=\box32
) (/usr/share/texmf-dist/tex/generic/pgf/modules/pgfmoduleplot.code.tex
File: pgfmoduleplot.code.tex 2015/08/03  (rcs-revision 1.13)
) (/usr/share/texmf-dist/tex/latex/pgf/compatibility/pgfcomp-version-0-65.sty
Package: pgfcomp-version-0-65 2007/07/03 v3.0.1a (rcs-revision 1.7)
\pgf@nodesepstart=\dimen139
\pgf@nodesepend=\dimen140
) (/usr/share/texmf-dist/tex/latex/pgf/compatibility/pgfcomp-version-1-18.sty
Package: pgfcomp-version-1-18 2007/07/23 v3.0.1a (rcs-revision 1.1)
)) (/usr/share/texmf-dist/tex/latex/pgf/utilities/pgffor.sty (/usr/share/texmf-dist/tex/latex/pgf/utilities/pgfkeys.sty (/usr/share/texmf-dist/tex/generic/pgf/utilities/pgfkeys.code.tex)) (/usr/share/texmf-dist/tex/latex/pgf/math/pgfmath.sty (/usr/share/texmf-dist/tex/generic/pgf/math/pgfmath.code.tex)) (/usr/share/texmf-dist/tex/generic/pgf/utilities/pgffor.code.tex
Package: pgffor 2013/12/13 v3.0.1a (rcs-revision 1.25)
 (/usr/share/texmf-dist/tex/generic/pgf/math/pgfmath.code.tex)
\pgffor@iter=\dimen141
\pgffor@skip=\dimen142
\pgffor@stack=\toks25
\pgffor@toks=\toks26
)) (/usr/share/texmf-dist/tex/generic/pgf/frontendlayer/tikz/tikz.code.tex
Package: tikz 2015/08/07 v3.0.1a (rcs-revision 1.151)
 (/usr/share/texmf-dist/tex/generic/pgf/libraries/pgflibraryplothandlers.code.tex
File: pgflibraryplothandlers.code.tex 2013/08/31 v3.0.1a (rcs-revision 1.20)
\pgf@plot@mark@count=\count89
\pgfplotmarksize=\dimen143
)
\tikz@lastx=\dimen144
\tikz@lasty=\dimen145
\tikz@lastxsaved=\dimen146
\tikz@lastysaved=\dimen147
\tikzleveldistance=\dimen148
\tikzsiblingdistance=\dimen149
\tikz@figbox=\box33
\tikz@figbox@bg=\box34
\tikz@tempbox=\box35
\tikz@tempbox@bg=\box36
\tikztreelevel=\count90
\tikznumberofchildren=\count91
\tikznumberofcurrentchild=\count92
\tikz@fig@count=\count93
 (/usr/share/texmf-dist/tex/generic/pgf/modules/pgfmodulematrix.code.tex
File: pgfmodulematrix.code.tex 2013/09/17  (rcs-revision 1.8)
\pgfmatrixcurrentrow=\count94
\pgfmatrixcurrentcolumn=\count95
\pgf@matrix@numberofcolumns=\count96
)
\tikz@expandcount=\count97
 (/usr/share/texmf-dist/tex/generic/pgf/frontendlayer/tikz/libraries/tikzlibrarytopaths.code.tex
File: tikzlibrarytopaths.code.tex 2008/06/17 v3.0.1a (rcs-revision 1.2)
))) (/usr/share/texmf-dist/tex/generic/pgf/frontendlayer/tikz/libraries/tikzlibraryarrows.code.tex
File: tikzlibraryarrows.code.tex 2008/01/09 v3.0.1a (rcs-revision 1.1)
 (/usr/share/texmf-dist/tex/generic/pgf/libraries/pgflibraryarrows.code.tex
File: pgflibraryarrows.code.tex 2013/09/23 v3.0.1a (rcs-revision 1.16)
\arrowsize=\dimen150
)) (/usr/share/texmf-dist/tex/generic/pgf/frontendlayer/tikz/libraries/tikzlibrarybackgrounds.code.tex
File: tikzlibrarybackgrounds.code.tex 2013/07/18 v3.0.1a (rcs-revision 1.3)
\pgf@layerbox@background=\box37
\pgf@layerboxsaved@background=\box38
) (/usr/share/texmf-dist/tex/latex/base/fontenc.sty
Package: fontenc 2017/04/05 v2.0i Standard LaTeX package
 (/usr/share/texmf-dist/tex/latex/base/t1enc.def
File: t1enc.def 2017/04/05 v2.0i Standard LaTeX file
LaTeX Font Info:    Redeclaring font encoding T1 on input line 48.
)) (/usr/share/texmf-dist/tex/latex/lm/lmodern.sty
Package: lmodern 2009/10/30 v1.6 Latin Modern Fonts
LaTeX Font Info:    Overwriting symbol font `operators' in version `normal'
(Font)                  OT1/cmr/m/n --> OT1/lmr/m/n on input line 22.
LaTeX Font Info:    Overwriting symbol font `letters' in version `normal'
(Font)                  OML/cmm/m/it --> OML/lmm/m/it on input line 23.
LaTeX Font Info:    Overwriting symbol font `symbols' in version `normal'
(Font)                  OMS/cmsy/m/n --> OMS/lmsy/m/n on input line 24.
LaTeX Font Info:    Overwriting symbol font `largesymbols' in version `normal'
(Font)                  OMX/cmex/m/n --> OMX/lmex/m/n on input line 25.
LaTeX Font Info:    Overwriting symbol font `operators' in version `bold'
(Font)                  OT1/cmr/bx/n --> OT1/lmr/bx/n on input line 26.
LaTeX Font Info:    Overwriting symbol font `letters' in version `bold'
(Font)                  OML/cmm/b/it --> OML/lmm/b/it on input line 27.
LaTeX Font Info:    Overwriting symbol font `symbols' in version `bold'
(Font)                  OMS/cmsy/b/n --> OMS/lmsy/b/n on input line 28.
LaTeX Font Info:    Overwriting symbol font `largesymbols' in version `bold'
(Font)                  OMX/cmex/m/n --> OMX/lmex/m/n on input line 29.
LaTeX Font Info:    Overwriting math alphabet `\mathbf' in version `normal'
(Font)                  OT1/cmr/bx/n --> OT1/lmr/bx/n on input line 31.
LaTeX Font Info:    Overwriting math alphabet `\mathsf' in version `normal'
(Font)                  OT1/cmss/m/n --> OT1/lmss/m/n on input line 32.
LaTeX Font Info:    Overwriting math alphabet `\mathit' in version `normal'
(Font)                  OT1/cmr/m/it --> OT1/lmr/m/it on input line 33.
LaTeX Font Info:    Overwriting math alphabet `\mathtt' in version `normal'
(Font)                  OT1/cmtt/m/n --> OT1/lmtt/m/n on input line 34.
LaTeX Font Info:    Overwriting math alphabet `\mathbf' in version `bold'
(Font)                  OT1/cmr/bx/n --> OT1/lmr/bx/n on input line 35.
LaTeX Font Info:    Overwriting math alphabet `\mathsf' in version `bold'
(Font)                  OT1/cmss/bx/n --> OT1/lmss/bx/n on input line 36.
LaTeX Font Info:    Overwriting math alphabet `\mathit' in version `bold'
(Font)                  OT1/cmr/bx/it --> OT1/lmr/bx/it on input line 37.
LaTeX Font Info:    Overwriting math alphabet `\mathtt' in version `bold'
(Font)                  OT1/cmtt/m/n --> OT1/lmtt/m/n on input line 38.
) (/usr/share/texmf-dist/tex/latex/base/textcomp.sty
Package: textcomp 2017/04/05 v2.0i Standard LaTeX package
Package textcomp Info: Sub-encoding information:
(textcomp)               5 = only ISO-Adobe without \textcurrency
(textcomp)               4 = 5 + \texteuro
(textcomp)               3 = 4 + \textohm
(textcomp)               2 = 3 + \textestimated + \textcurrency
(textcomp)               1 = TS1 - \textcircled - \t
(textcomp)               0 = TS1 (full)
(textcomp)             Font families with sub-encoding setting implement
(textcomp)             only a restricted character set as indicated.
(textcomp)             Family '?' is the default used for unknown fonts.
(textcomp)             See the documentation for details.
Package textcomp Info: Setting ? sub-encoding to TS1/1 on input line 79.
 (/usr/share/texmf-dist/tex/latex/base/ts1enc.def
File: ts1enc.def 2001/06/05 v3.0e (jk/car/fm) Standard LaTeX file
)
LaTeX Info: Redefining \oldstylenums on input line 334.
Package textcomp Info: Setting cmr sub-encoding to TS1/0 on input line 349.
Package textcomp Info: Setting cmss sub-encoding to TS1/0 on input line 350.
Package textcomp Info: Setting cmtt sub-encoding to TS1/0 on input line 351.
Package textcomp Info: Setting cmvtt sub-encoding to TS1/0 on input line 352.
Package textcomp Info: Setting cmbr sub-encoding to TS1/0 on input line 353.
Package textcomp Info: Setting cmtl sub-encoding to TS1/0 on input line 354.
Package textcomp Info: Setting ccr sub-encoding to TS1/0 on input line 355.
Package textcomp Info: Setting ptm sub-encoding to TS1/4 on input line 356.
Package textcomp Info: Setting pcr sub-encoding to TS1/4 on input line 357.
Package textcomp Info: Setting phv sub-encoding to TS1/4 on input line 358.
Package textcomp Info: Setting ppl sub-encoding to TS1/3 on input line 359.
Package textcomp Info: Setting pag sub-encoding to TS1/4 on input line 360.
Package textcomp Info: Setting pbk sub-encoding to TS1/4 on input line 361.
Package textcomp Info: Setting pnc sub-encoding to TS1/4 on input line 362.
Package textcomp Info: Setting pzc sub-encoding to TS1/4 on input line 363.
Package textcomp Info: Setting bch sub-encoding to TS1/4 on input line 364.
Package textcomp Info: Setting put sub-encoding to TS1/5 on input line 365.
Package textcomp Info: Setting uag sub-encoding to TS1/5 on input line 366.
Package textcomp Info: Setting ugq sub-encoding to TS1/5 on input line 367.
Package textcomp Info: Setting ul8 sub-encoding to TS1/4 on input line 368.
Package textcomp Info: Setting ul9 sub-encoding to TS1/4 on input line 369.
Package textcomp Info: Setting augie sub-encoding to TS1/5 on input line 370.
Package textcomp Info: Setting dayrom sub-encoding to TS1/3 on input line 371.
Package textcomp Info: Setting dayroms sub-encoding to TS1/3 on input line 372.
Package textcomp Info: Setting pxr sub-encoding to TS1/0 on input line 373.
Package textcomp Info: Setting pxss sub-encoding to TS1/0 on input line 374.
Package textcomp Info: Setting pxtt sub-encoding to TS1/0 on input line 375.
Package textcomp Info: Setting txr sub-encoding to TS1/0 on input line 376.
Package textcomp Info: Setting txss sub-encoding to TS1/0 on input line 377.
Package textcomp Info: Setting txtt sub-encoding to TS1/0 on input line 378.
Package textcomp Info: Setting lmr sub-encoding to TS1/0 on input line 379.
Package textcomp Info: Setting lmdh sub-encoding to TS1/0 on input line 380.
Package textcomp Info: Setting lmss sub-encoding to TS1/0 on input line 381.
Package textcomp Info: Setting lmssq sub-encoding to TS1/0 on input line 382.
Package textcomp Info: Setting lmvtt sub-encoding to TS1/0 on input line 383.
Package textcomp Info: Setting lmtt sub-encoding to TS1/0 on input line 384.
Package textcomp Info: Setting qhv sub-encoding to TS1/0 on input line 385.
Package textcomp Info: Setting qag sub-encoding to TS1/0 on input line 386.
Package textcomp Info: Setting qbk sub-encoding to TS1/0 on input line 387.
Package textcomp Info: Setting qcr sub-encoding to TS1/0 on input line 388.
Package textcomp Info: Setting qcs sub-encoding to TS1/0 on input line 389.
Package textcomp Info: Setting qpl sub-encoding to TS1/0 on input line 390.
Package textcomp Info: Setting qtm sub-encoding to TS1/0 on input line 391.
Package textcomp Info: Setting qzc sub-encoding to TS1/0 on input line 392.
Package textcomp Info: Setting qhvc sub-encoding to TS1/0 on input line 393.
Package textcomp Info: Setting futs sub-encoding to TS1/4 on input line 394.
Package textcomp Info: Setting futx sub-encoding to TS1/4 on input line 395.
Package textcomp Info: Setting futj sub-encoding to TS1/4 on input line 396.
Package textcomp Info: Setting hlh sub-encoding to TS1/3 on input line 397.
Package textcomp Info: Setting hls sub-encoding to TS1/3 on input line 398.
Package textcomp Info: Setting hlst sub-encoding to TS1/3 on input line 399.
Package textcomp Info: Setting hlct sub-encoding to TS1/5 on input line 400.
Package textcomp Info: Setting hlx sub-encoding to TS1/5 on input line 401.
Package textcomp Info: Setting hlce sub-encoding to TS1/5 on input line 402.
Package textcomp Info: Setting hlcn sub-encoding to TS1/5 on input line 403.
Package textcomp Info: Setting hlcw sub-encoding to TS1/5 on input line 404.
Package textcomp Info: Setting hlcf sub-encoding to TS1/5 on input line 405.
Package textcomp Info: Setting pplx sub-encoding to TS1/3 on input line 406.
Package textcomp Info: Setting pplj sub-encoding to TS1/3 on input line 407.
Package textcomp Info: Setting ptmx sub-encoding to TS1/4 on input line 408.
Package textcomp Info: Setting ptmj sub-encoding to TS1/4 on input line 409.
) (/usr/share/texmf-dist/tex/latex/amsmath/amsmath.sty
Package: amsmath 2017/09/02 v2.17a AMS math features
\@mathmargin=\skip41

For additional information on amsmath, use the `?' option.
(/usr/share/texmf-dist/tex/latex/amsmath/amstext.sty
Package: amstext 2000/06/29 v2.01 AMS text
 (/usr/share/texmf-dist/tex/latex/amsmath/amsgen.sty
File: amsgen.sty 1999/11/30 v2.0 generic functions
\@emptytoks=\toks27
\ex@=\dimen151
)) (/usr/share/texmf-dist/tex/latex/amsmath/amsbsy.sty
Package: amsbsy 1999/11/29 v1.2d Bold Symbols
\pmbraise@=\dimen152
) (/usr/share/texmf-dist/tex/latex/amsmath/amsopn.sty
Package: amsopn 2016/03/08 v2.02 operator names
)
\inf@bad=\count98
LaTeX Info: Redefining \frac on input line 213.
\uproot@=\count99
\leftroot@=\count100
LaTeX Info: Redefining \overline on input line 375.
\classnum@=\count101
\DOTSCASE@=\count102
LaTeX Info: Redefining \ldots on input line 472.
LaTeX Info: Redefining \dots on input line 475.
LaTeX Info: Redefining \cdots on input line 596.
\Mathstrutbox@=\box39
\strutbox@=\box40
\big@size=\dimen153
LaTeX Font Info:    Redeclaring font encoding OML on input line 712.
LaTeX Font Info:    Redeclaring font encoding OMS on input line 713.
\macc@depth=\count103
\c@MaxMatrixCols=\count104
\dotsspace@=\muskip10
\c@parentequation=\count105
\dspbrk@lvl=\count106
\tag@help=\toks28
\row@=\count107
\column@=\count108
\maxfields@=\count109
\andhelp@=\toks29
\eqnshift@=\dimen154
\alignsep@=\dimen155
\tagshift@=\dimen156
\tagwidth@=\dimen157
\totwidth@=\dimen158
\lineht@=\dimen159
\@envbody=\toks30
\multlinegap=\skip42
\multlinetaggap=\skip43
\mathdisplay@stack=\toks31
LaTeX Info: Redefining \[ on input line 2817.
LaTeX Info: Redefining \] on input line 2818.
) (/usr/share/texmf-dist/tex/latex/amsfonts/amssymb.sty
Package: amssymb 2013/01/14 v3.01 AMS font symbols
 (/usr/share/texmf-dist/tex/latex/amsfonts/amsfonts.sty
Package: amsfonts 2013/01/14 v3.01 Basic AMSFonts support
\symAMSa=\mathgroup4
\symAMSb=\mathgroup5
LaTeX Font Info:    Overwriting math alphabet `\mathfrak' in version `bold'
(Font)                  U/euf/m/n --> U/euf/b/n on input line 106.
))
./beamerthemeconfposter.sty:17: Undefined control sequence.
<recently read> \usefonttheme 
                              
l.17 \usefonttheme
                  {professionalfonts}
The control sequence at the end of the top line
of your error message was never \def'ed. If you have
misspelled it (e.g., `\hobx'), type `I' and the correct
spelling (e.g., `I\hbox'). Otherwise just continue,
and I'll forget about whatever was undefined.


./beamerthemeconfposter.sty:17: LaTeX Error: Missing \begin{document}.

See the LaTeX manual or LaTeX Companion for explanation.
Type  H <return>  for immediate help.
 ...                                              
                                                  
l.17 \usefonttheme{p
                    rofessionalfonts}
You're in trouble here.  Try typing  <return>  to proceed.
If that doesn't work, type  X <return>  to quit.


./beamerthemeconfposter.sty:19: LaTeX Error: \usepackage before \documentclass.

See the LaTeX manual or LaTeX Companion for explanation.
Type  H <return>  for immediate help.
 ...                                              
                                                  
l.19 \usepackage{
                 ragged2e}
\usepackage may only appear in the document preamble, i.e.,
between \documentclass and \begin{document}.


Overfull \hbox (92.12128pt too wide) in paragraph at lines 17--20
[]\T1/cmr/m/n/10 professionalfonts
 []

./beamerthemeconfposter.sty:29: Undefined control sequence.
l.29 \usecaptiontemplate
                        {\small\structure{\insertcaptionname~\insertcaptionn...
The control sequence at the end of the top line
of your error message was never \def'ed. If you have
misspelled it (e.g., `\hobx'), type `I' and the correct
spelling (e.g., `I\hbox'). Otherwise just continue,
and I'll forget about whatever was undefined.

./beamerthemeconfposter.sty:29: Undefined control sequence.
l.29 \usecaptiontemplate{\small
                               \structure{\insertcaptionname~\insertcaptionn...
The control sequence at the end of the top line
of your error message was never \def'ed. If you have
misspelled it (e.g., `\hobx'), type `I' and the correct
spelling (e.g., `I\hbox'). Otherwise just continue,
and I'll forget about whatever was undefined.

./beamerthemeconfposter.sty:29: Undefined control sequence.
l.29 \usecaptiontemplate{\small\structure
                                         {\insertcaptionname~\insertcaptionn...
The control sequence at the end of the top line
of your error message was never \def'ed. If you have
misspelled it (e.g., `\hobx'), type `I' and the correct
spelling (e.g., `I\hbox'). Otherwise just continue,
and I'll forget about whatever was undefined.

./beamerthemeconfposter.sty:29: Undefined control sequence.
l.29 ...mplate{\small\structure{\insertcaptionname
                                                  ~\insertcaptionnumber: }\i...
The control sequence at the end of the top line
of your error message was never \def'ed. If you have
misspelled it (e.g., `\hobx'), type `I' and the correct
spelling (e.g., `I\hbox'). Otherwise just continue,
and I'll forget about whatever was undefined.


./beamerthemeconfposter.sty:29: LaTeX Error: Missing \begin{document}.

See the LaTeX manual or LaTeX Companion for explanation.
Type  H <return>  for immediate help.
 ...                                              
                                                  
l.29 ...plate{\small\structure{\insertcaptionname~
                                                  \insertcaptionnumber: }\in...
You're in trouble here.  Try typing  <return>  to proceed.
If that doesn't work, type  X <return>  to quit.

./beamerthemeconfposter.sty:29: Undefined control sequence.
l.29 ...re{\insertcaptionname~\insertcaptionnumber
                                                  : }\insertcaption} % A fix...
The control sequence at the end of the top line
of your error message was never \def'ed. If you have
misspelled it (e.g., `\hobx'), type `I' and the correct
spelling (e.g., `I\hbox'). Otherwise just continue,
and I'll forget about whatever was undefined.

./beamerthemeconfposter.sty:29: Undefined control sequence.
l.29 ...name~\insertcaptionnumber: }\insertcaption
                                                  } % A fix for figure numbe...
The control sequence at the end of the top line
of your error message was never \def'ed. If you have
misspelled it (e.g., `\hobx'), type `I' and the correct
spelling (e.g., `I\hbox'). Otherwise just continue,
and I'll forget about whatever was undefined.


Overfull \hbox (24.99878pt too wide) in paragraph at lines 29--30
[] \T1/cmr/m/n/10 :
 []

./beamerthemeconfposter.sty:154: Undefined control sequence.
l.154 \setbeamercolor
                     {palette primary}   {fg=black,bg=white}
The control sequence at the end of the top line
of your error message was never \def'ed. If you have
misspelled it (e.g., `\hobx'), type `I' and the correct
spelling (e.g., `I\hbox'). Otherwise just continue,
and I'll forget about whatever was undefined.


./beamerthemeconfposter.sty:154: LaTeX Error: Missing \begin{document}.

See the LaTeX manual or LaTeX Companion for explanation.
Type  H <return>  for immediate help.
 ...                                              
                                                  
l.154 \setbeamercolor{p
                       alette primary}   {fg=black,bg=white}
You're in trouble here.  Try typing  <return>  to proceed.
If that doesn't work, type  X <return>  to quit.

./beamerthemeconfposter.sty:155: Undefined control sequence.
l.155 \setbeamercolor
                     {palette secondary} {fg=black,bg=white}
The control sequence at the end of the top line
of your error message was never \def'ed. If you have
misspelled it (e.g., `\hobx'), type `I' and the correct
spelling (e.g., `I\hbox'). Otherwise just continue,
and I'll forget about whatever was undefined.

./beamerthemeconfposter.sty:156: Undefined control sequence.
l.156 \setbeamercolor
                     {palette tertiary}  {bg=black,fg=white}
The control sequence at the end of the top line
of your error message was never \def'ed. If you have
misspelled it (e.g., `\hobx'), type `I' and the correct
spelling (e.g., `I\hbox'). Otherwise just continue,
and I'll forget about whatever was undefined.

./beamerthemeconfposter.sty:157: Undefined control sequence.
l.157 \setbeamercolor
                     {palette quaternary}{fg=black,bg=white}
The control sequence at the end of the top line
of your error message was never \def'ed. If you have
misspelled it (e.g., `\hobx'), type `I' and the correct
spelling (e.g., `I\hbox'). Otherwise just continue,
and I'll forget about whatever was undefined.

./beamerthemeconfposter.sty:158: Undefined control sequence.
l.158 \setbeamercolor
                     {structure}{fg=black}
The control sequence at the end of the top line
of your error message was never \def'ed. If you have
misspelled it (e.g., `\hobx'), type `I' and the correct
spelling (e.g., `I\hbox'). Otherwise just continue,
and I'll forget about whatever was undefined.

./beamerthemeconfposter.sty:159: Undefined control sequence.
l.159 \setbeamercolor
                     {titlelike}         {bg=black,fg=white}
The control sequence at the end of the top line
of your error message was never \def'ed. If you have
misspelled it (e.g., `\hobx'), type `I' and the correct
spelling (e.g., `I\hbox'). Otherwise just continue,
and I'll forget about whatever was undefined.

./beamerthemeconfposter.sty:160: Undefined control sequence.
l.160 \setbeamercolor
                     {frametitle}        {bg=white,fg=black}
The control sequence at the end of the top line
of your error message was never \def'ed. If you have
misspelled it (e.g., `\hobx'), type `I' and the correct
spelling (e.g., `I\hbox'). Otherwise just continue,
and I'll forget about whatever was undefined.

./beamerthemeconfposter.sty:161: Undefined control sequence.
l.161 \setbeamercolor
                     {cboxb}{fg=black,bg=black}
The control sequence at the end of the top line
of your error message was never \def'ed. If you have
misspelled it (e.g., `\hobx'), type `I' and the correct
spelling (e.g., `I\hbox'). Otherwise just continue,
and I'll forget about whatever was undefined.

./beamerthemeconfposter.sty:162: Undefined control sequence.
l.162 \setbeamercolor
                     {cboxr}{fg=black,bg=red}
The control sequence at the end of the top line
of your error message was never \def'ed. If you have
misspelled it (e.g., `\hobx'), type `I' and the correct
spelling (e.g., `I\hbox'). Otherwise just continue,
and I'll forget about whatever was undefined.


Overfull \hbox (49.99268pt too wide) in paragraph at lines 154--163
[]\T1/cmr/m/n/10 palette
 []


Overfull \hbox (15.57953pt too wide) in paragraph at lines 154--163
\T1/cmr/m/n/10 pri-
 []


Overfull \hbox (22.52228pt too wide) in paragraph at lines 154--163
\T1/cmr/m/n/10 mary
 []


Overfull \hbox (83.5907pt too wide) in paragraph at lines 154--163
\T1/cmr/m/n/10 fg=black,bg=white
 []


Overfull \hbox (29.99268pt too wide) in paragraph at lines 154--163
\T1/cmr/m/n/10 palette
 []


Overfull \hbox (16.16272pt too wide) in paragraph at lines 154--163
\T1/cmr/m/n/10 sec-
 []


Overfull \hbox (30.29816pt too wide) in paragraph at lines 154--163
\T1/cmr/m/n/10 ondary
 []


Overfull \hbox (83.5907pt too wide) in paragraph at lines 154--163
\T1/cmr/m/n/10 fg=black,bg=white
 []


Overfull \hbox (29.99268pt too wide) in paragraph at lines 154--163
\T1/cmr/m/n/10 palette
 []


Overfull \hbox (15.57953pt too wide) in paragraph at lines 154--163
\T1/cmr/m/n/10 ter-
 []


Overfull \hbox (20.85602pt too wide) in paragraph at lines 154--163
\T1/cmr/m/n/10 tiary
 []


Overfull \hbox (83.5907pt too wide) in paragraph at lines 154--163
\T1/cmr/m/n/10 bg=black,fg=white
 []


Overfull \hbox (29.99268pt too wide) in paragraph at lines 154--163
\T1/cmr/m/n/10 palette
 []


Overfull \hbox (19.16199pt too wide) in paragraph at lines 154--163
\T1/cmr/m/n/10 qua-
 []


Overfull \hbox (15.57953pt too wide) in paragraph at lines 154--163
\T1/cmr/m/n/10 ter-
 []


Overfull \hbox (103.33588pt too wide) in paragraph at lines 154--163
\T1/cmr/m/n/10 naryfg=black,bg=white
 []


Overfull \hbox (25.07721pt too wide) in paragraph at lines 154--163
\T1/cmr/m/n/10 struc-
 []


Overfull \hbox (56.4029pt too wide) in paragraph at lines 154--163
\T1/cmr/m/n/10 turefg=black
 []


Overfull \hbox (9.99756pt too wide) in paragraph at lines 154--163
\T1/cmr/m/n/10 ti-
 []


Overfull \hbox (14.44092pt too wide) in paragraph at lines 154--163
\T1/cmr/m/n/10 tle-
 []


Overfull \hbox (14.99634pt too wide) in paragraph at lines 154--163
\T1/cmr/m/n/10 like
 []


Overfull \hbox (83.5907pt too wide) in paragraph at lines 154--163
\T1/cmr/m/n/10 bg=black,fg=white
 []


Overfull \hbox (23.63312pt too wide) in paragraph at lines 154--163
\T1/cmr/m/n/10 fram-
 []


Overfull \hbox (14.44092pt too wide) in paragraph at lines 154--163
\T1/cmr/m/n/10 eti-
 []


Overfull \hbox (11.1084pt too wide) in paragraph at lines 154--163
\T1/cmr/m/n/10 tle
 []


Overfull \hbox (83.5907pt too wide) in paragraph at lines 154--163
\T1/cmr/m/n/10 bg=white,fg=black
 []


Overfull \hbox (108.30688pt too wide) in paragraph at lines 154--163
\T1/cmr/m/n/10 cboxbfg=black,bg=black
 []


Overfull \hbox (97.80945pt too wide) in paragraph at lines 154--163
\T1/cmr/m/n/10 cboxrfg=black,bg=red 
 []

./beamerthemeconfposter.sty:165: Undefined control sequence.
l.165 \setbeamercolor
                     {item}{fg=black}
The control sequence at the end of the top line
of your error message was never \def'ed. If you have
misspelled it (e.g., `\hobx'), type `I' and the correct
spelling (e.g., `I\hbox'). Otherwise just continue,
and I'll forget about whatever was undefined.


./beamerthemeconfposter.sty:165: LaTeX Error: Missing \begin{document}.

See the LaTeX manual or LaTeX Companion for explanation.
Type  H <return>  for immediate help.
 ...                                              
                                                  
l.165 \setbeamercolor{i
                       tem}{fg=black}
You're in trouble here.  Try typing  <return>  to proceed.
If that doesn't work, type  X <return>  to quit.

./beamerthemeconfposter.sty:166: Undefined control sequence.
l.166 \setbeamercolor
                     {item projected}{fg=white,bg=black}
The control sequence at the end of the top line
of your error message was never \def'ed. If you have
misspelled it (e.g., `\hobx'), type `I' and the correct
spelling (e.g., `I\hbox'). Otherwise just continue,
and I'll forget about whatever was undefined.


Overfull \hbox (78.04138pt too wide) in paragraph at lines 165--167
[]\T1/cmr/m/n/10 itemfg=black
 []


Overfull \hbox (19.4397pt too wide) in paragraph at lines 165--167
\T1/cmr/m/n/10 item
 []


Overfull \hbox (17.80121pt too wide) in paragraph at lines 165--167
\T1/cmr/m/n/10 pro-
 []


Overfull \hbox (19.16199pt too wide) in paragraph at lines 165--167
\T1/cmr/m/n/10 ject-
 []


Overfull \hbox (93.58826pt too wide) in paragraph at lines 165--167
\T1/cmr/m/n/10 edfg=white,bg=black 
 []

./beamerthemeconfposter.sty:169: Undefined control sequence.
l.169 \setbeamercolor
                     {block title}{fg=black,bg=white}
The control sequence at the end of the top line
of your error message was never \def'ed. If you have
misspelled it (e.g., `\hobx'), type `I' and the correct
spelling (e.g., `I\hbox'). Otherwise just continue,
and I'll forget about whatever was undefined.


./beamerthemeconfposter.sty:169: LaTeX Error: Missing \begin{document}.

See the LaTeX manual or LaTeX Companion for explanation.
Type  H <return>  for immediate help.
 ...                                              
                                                  
l.169 \setbeamercolor{b
                       lock title}{fg=black,bg=white}
You're in trouble here.  Try typing  <return>  to proceed.
If that doesn't work, type  X <return>  to quit.

./beamerthemeconfposter.sty:170: Undefined control sequence.
l.170 \setbeamercolor
                     {block body}{fg=black,bg=white}
The control sequence at the end of the top line
of your error message was never \def'ed. If you have
misspelled it (e.g., `\hobx'), type `I' and the correct
spelling (e.g., `I\hbox'). Otherwise just continue,
and I'll forget about whatever was undefined.


Overfull \hbox (43.04993pt too wide) in paragraph at lines 169--171
[]\T1/cmr/m/n/10 block
 []


Overfull \hbox (9.99756pt too wide) in paragraph at lines 169--171
\T1/cmr/m/n/10 ti-
 []


Overfull \hbox (94.6991pt too wide) in paragraph at lines 169--171
\T1/cmr/m/n/10 tlefg=black,bg=white
 []


Overfull \hbox (23.04993pt too wide) in paragraph at lines 169--171
\T1/cmr/m/n/10 block
 []


Overfull \hbox (105.52979pt too wide) in paragraph at lines 169--171
\T1/cmr/m/n/10 bodyfg=black,bg=white 
 []

./beamerthemeconfposter.sty:173: Undefined control sequence.
l.173 \setbeamercolor
                     {block alerted title}{fg=white,bg=black}
The control sequence at the end of the top line
of your error message was never \def'ed. If you have
misspelled it (e.g., `\hobx'), type `I' and the correct
spelling (e.g., `I\hbox'). Otherwise just continue,
and I'll forget about whatever was undefined.


./beamerthemeconfposter.sty:173: LaTeX Error: Missing \begin{document}.

See the LaTeX manual or LaTeX Companion for explanation.
Type  H <return>  for immediate help.
 ...                                              
                                                  
l.173 \setbeamercolor{b
                       lock alerted title}{fg=white,bg=black}
You're in trouble here.  Try typing  <return>  to proceed.
If that doesn't work, type  X <return>  to quit.

./beamerthemeconfposter.sty:174: Undefined control sequence.
l.174 \setbeamercolor
                     {block alerted body}{fg=black,bg=white}
The control sequence at the end of the top line
of your error message was never \def'ed. If you have
misspelled it (e.g., `\hobx'), type `I' and the correct
spelling (e.g., `I\hbox'). Otherwise just continue,
and I'll forget about whatever was undefined.


Overfull \hbox (43.04993pt too wide) in paragraph at lines 173--175
[]\T1/cmr/m/n/10 block
 []


Overfull \hbox (30.02045pt too wide) in paragraph at lines 173--175
\T1/cmr/m/n/10 alerted
 []


Overfull \hbox (9.99756pt too wide) in paragraph at lines 173--175
\T1/cmr/m/n/10 ti-
 []


Overfull \hbox (94.6991pt too wide) in paragraph at lines 173--175
\T1/cmr/m/n/10 tlefg=white,bg=black
 []


Overfull \hbox (23.04993pt too wide) in paragraph at lines 173--175
\T1/cmr/m/n/10 block
 []


Overfull \hbox (30.02045pt too wide) in paragraph at lines 173--175
\T1/cmr/m/n/10 alerted
 []


Overfull \hbox (105.52979pt too wide) in paragraph at lines 173--175
\T1/cmr/m/n/10 bodyfg=black,bg=white 
 []

./beamerthemeconfposter.sty:177: Undefined control sequence.
l.177 \setbeamerfont
                    {section in head/foot}{series=\rmfamily, shape=\scshape}
The control sequence at the end of the top line
of your error message was never \def'ed. If you have
misspelled it (e.g., `\hobx'), type `I' and the correct
spelling (e.g., `I\hbox'). Otherwise just continue,
and I'll forget about whatever was undefined.


./beamerthemeconfposter.sty:177: LaTeX Error: Missing \begin{document}.

See the LaTeX manual or LaTeX Companion for explanation.
Type  H <return>  for immediate help.
 ...                                              
                                                  
l.177 \setbeamerfont{s
                      ection in head/foot}{series=\rmfamily, shape=\scshape}
You're in trouble here.  Try typing  <return>  to proceed.
If that doesn't work, type  X <return>  to quit.

LaTeX Font Info:    Try loading font information for T1+lmr on input line 177.
(/usr/share/texmf-dist/tex/latex/lm/t1lmr.fd
File: t1lmr.fd 2009/10/30 v1.6 Font defs for Latin Modern
)
./beamerthemeconfposter.sty:178: Undefined control sequence.
l.178 \setbeamerfont
                    {block title}{shape=\scshape}
The control sequence at the end of the top line
of your error message was never \def'ed. If you have
misspelled it (e.g., `\hobx'), type `I' and the correct
spelling (e.g., `I\hbox'). Otherwise just continue,
and I'll forget about whatever was undefined.

./beamerthemeconfposter.sty:179: Undefined control sequence.
l.179 \setbeamerfont
                    {block alerted title}{shape=\scshape}
The control sequence at the end of the top line
of your error message was never \def'ed. If you have
misspelled it (e.g., `\hobx'), type `I' and the correct
spelling (e.g., `I\hbox'). Otherwise just continue,
and I'll forget about whatever was undefined.

./beamerthemeconfposter.sty:180: Undefined control sequence.
l.180 \setbeamerfont
                    {frametitle}{shape=\scshape}
The control sequence at the end of the top line
of your error message was never \def'ed. If you have
misspelled it (e.g., `\hobx'), type `I' and the correct
spelling (e.g., `I\hbox'). Otherwise just continue,
and I'll forget about whatever was undefined.

./beamerthemeconfposter.sty:181: Undefined control sequence.
l.181 \setbeamerfont
                    {frametitle}{size=\Large, shape=\scshape}
The control sequence at the end of the top line
of your error message was never \def'ed. If you have
misspelled it (e.g., `\hobx'), type `I' and the correct
spelling (e.g., `I\hbox'). Otherwise just continue,
and I'll forget about whatever was undefined.

./beamerthemeconfposter.sty:181: Undefined control sequence.
l.181 \setbeamerfont{frametitle}{size=\Large
                                            , shape=\scshape}
The control sequence at the end of the top line
of your error message was never \def'ed. If you have
misspelled it (e.g., `\hobx'), type `I' and the correct
spelling (e.g., `I\hbox'). Otherwise just continue,
and I'll forget about whatever was undefined.

./beamerthemeconfposter.sty:182: Undefined control sequence.
l.182 \setbeamerfont
                    {block body}{series=\rmfamily}
The control sequence at the end of the top line
of your error message was never \def'ed. If you have
misspelled it (e.g., `\hobx'), type `I' and the correct
spelling (e.g., `I\hbox'). Otherwise just continue,
and I'll forget about whatever was undefined.


Overfull \hbox (50.04822pt too wide) in paragraph at lines 177--183
[]\T1/cmr/m/n/10 section
 []


Overfull \hbox (8.3313pt too wide) in paragraph at lines 177--183
\T1/cmr/m/n/10 in
 []


Overfull \hbox (76.78746pt too wide) in paragraph at lines 177--183
\T1/cmr/m/n/10 head/footseries=\T1/lmr/m/n/10 ,
 []


Overfull \hbox (32.55576pt too wide) in paragraph at lines 177--183
\T1/lmr/m/n/10 shape=
 []


Overfull \hbox (23.04993pt too wide) in paragraph at lines 177--183
\T1/cmr/m/n/10 block
 []


Overfull \hbox (9.99756pt too wide) in paragraph at lines 177--183
\T1/cmr/m/n/10 ti-
 []


Overfull \hbox (14.44092pt too wide) in paragraph at lines 177--183
\T1/cmr/m/n/10 tle-
 []


Overfull \hbox (32.5476pt too wide) in paragraph at lines 177--183
\T1/cmr/m/n/10 shape=
 []


Overfull \hbox (23.04993pt too wide) in paragraph at lines 177--183
\T1/cmr/m/n/10 block
 []


Overfull \hbox (30.02045pt too wide) in paragraph at lines 177--183
\T1/cmr/m/n/10 alerted
 []


Overfull \hbox (9.99756pt too wide) in paragraph at lines 177--183
\T1/cmr/m/n/10 ti-
 []


Overfull \hbox (14.44092pt too wide) in paragraph at lines 177--183
\T1/cmr/m/n/10 tle-
 []


Overfull \hbox (32.5476pt too wide) in paragraph at lines 177--183
\T1/cmr/m/n/10 shape=
 []


Overfull \hbox (23.63312pt too wide) in paragraph at lines 177--183
\T1/cmr/m/n/10 fram-
 []


Overfull \hbox (14.44092pt too wide) in paragraph at lines 177--183
\T1/cmr/m/n/10 eti-
 []


Overfull \hbox (14.44092pt too wide) in paragraph at lines 177--183
\T1/cmr/m/n/10 tle-
 []


Overfull \hbox (32.5476pt too wide) in paragraph at lines 177--183
\T1/cmr/m/n/10 shape=
 []


Overfull \hbox (23.63312pt too wide) in paragraph at lines 177--183
\T1/cmr/m/n/10 fram-
 []


Overfull \hbox (14.44092pt too wide) in paragraph at lines 177--183
\T1/cmr/m/n/10 eti-
 []


Overfull \hbox (14.44092pt too wide) in paragraph at lines 177--183
\T1/cmr/m/n/10 tle-
 []


Overfull \hbox (26.16028pt too wide) in paragraph at lines 177--183
\T1/cmr/m/n/10 size=,
 []


Overfull \hbox (32.5476pt too wide) in paragraph at lines 177--183
\T1/cmr/m/n/10 shape=
 []


Overfull \hbox (23.04993pt too wide) in paragraph at lines 177--183
\T1/cmr/m/n/10 block
 []


Overfull \hbox (53.18146pt too wide) in paragraph at lines 177--183
\T1/cmr/m/n/10 bodyseries= 
 []

./beamerthemeconfposter.sty:185: Undefined control sequence.
l.185 \setbeamertemplate
                        {title page}[default][colsep=-4bp,rounded=true]
The control sequence at the end of the top line
of your error message was never \def'ed. If you have
misspelled it (e.g., `\hobx'), type `I' and the correct
spelling (e.g., `I\hbox'). Otherwise just continue,
and I'll forget about whatever was undefined.


./beamerthemeconfposter.sty:185: LaTeX Error: Missing \begin{document}.

See the LaTeX manual or LaTeX Companion for explanation.
Type  H <return>  for immediate help.
 ...                                              
                                                  
l.185 \setbeamertemplate{t
                          itle page}[default][colsep=-4bp,rounded=true]
You're in trouble here.  Try typing  <return>  to proceed.
If that doesn't work, type  X <return>  to quit.

./beamerthemeconfposter.sty:186: Undefined control sequence.
l.186 \setbeamertemplate
                        {sections/subsections in toc}[square]
The control sequence at the end of the top line
of your error message was never \def'ed. If you have
misspelled it (e.g., `\hobx'), type `I' and the correct
spelling (e.g., `I\hbox'). Otherwise just continue,
and I'll forget about whatever was undefined.

./beamerthemeconfposter.sty:187: Undefined control sequence.
l.187 \setbeamertemplate
                        {items}[circle]
The control sequence at the end of the top line
of your error message was never \def'ed. If you have
misspelled it (e.g., `\hobx'), type `I' and the correct
spelling (e.g., `I\hbox'). Otherwise just continue,
and I'll forget about whatever was undefined.

./beamerthemeconfposter.sty:188: Undefined control sequence.
l.188 \setbeamertemplate
                        {blocks}[width=0.0]
The control sequence at the end of the top line
of your error message was never \def'ed. If you have
misspelled it (e.g., `\hobx'), type `I' and the correct
spelling (e.g., `I\hbox'). Otherwise just continue,
and I'll forget about whatever was undefined.

./beamerthemeconfposter.sty:189: Undefined control sequence.
l.189 \beamertemplatenavigationsymbolsempty
                                           
The control sequence at the end of the top line
of your error message was never \def'ed. If you have
misspelled it (e.g., `\hobx'), type `I' and the correct
spelling (e.g., `I\hbox'). Otherwise just continue,
and I'll forget about whatever was undefined.


Overfull \hbox (37.77344pt too wide) in paragraph at lines 185--190
[]\T1/cmr/m/n/10 title
 []


Overfull \hbox (95.86548pt too wide) in paragraph at lines 185--190
\T1/cmr/m/n/10 page[default][colsep=-
 []


Overfull \hbox (82.81311pt too wide) in paragraph at lines 185--190
\T1/cmr/m/n/10 4bp,rounded=true]
 []


Overfull \hbox (16.16272pt too wide) in paragraph at lines 185--190
\T1/cmr/m/n/10 sec-
 []


Overfull \hbox (75.20386pt too wide) in paragraph at lines 185--190
\T1/cmr/m/n/10 tions/subsections
 []


Overfull \hbox (8.3313pt too wide) in paragraph at lines 185--190
\T1/cmr/m/n/10 in
 []


Overfull \hbox (47.294pt too wide) in paragraph at lines 185--190
\T1/cmr/m/n/10 toc[square]
 []


Overfull \hbox (51.73737pt too wide) in paragraph at lines 185--190
\T1/cmr/m/n/10 items[circle]
 []


Overfull \hbox (78.09204pt too wide) in paragraph at lines 185--190
\T1/cmr/m/n/10 blocks[width=0.0] 
 []

./beamerthemeconfposter.sty:192: Undefined control sequence.
l.192 \setbeamertemplate
                        {bibliography item}[text]
The control sequence at the end of the top line
of your error message was never \def'ed. If you have
misspelled it (e.g., `\hobx'), type `I' and the correct
spelling (e.g., `I\hbox'). Otherwise just continue,
and I'll forget about whatever was undefined.


./beamerthemeconfposter.sty:192: LaTeX Error: Missing \begin{document}.

See the LaTeX manual or LaTeX Companion for explanation.
Type  H <return>  for immediate help.
 ...                                              
                                                  
l.192 \setbeamertemplate{b
                          ibliography item}[text]
You're in trouble here.  Try typing  <return>  to proceed.
If that doesn't work, type  X <return>  to quit.

./beamerthemeconfposter.sty:193: Undefined control sequence.
l.193 \setbeamercolor
                     {bibliography item}{fg=black,bg=white}
The control sequence at the end of the top line
of your error message was never \def'ed. If you have
misspelled it (e.g., `\hobx'), type `I' and the correct
spelling (e.g., `I\hbox'). Otherwise just continue,
and I'll forget about whatever was undefined.

./beamerthemeconfposter.sty:194: Undefined control sequence.
l.194 \setbeamercolor
                     {bibliography entry author}{fg=black,bg=white}
The control sequence at the end of the top line
of your error message was never \def'ed. If you have
misspelled it (e.g., `\hobx'), type `I' and the correct
spelling (e.g., `I\hbox'). Otherwise just continue,
and I'll forget about whatever was undefined.

./beamerthemeconfposter.sty:195: Undefined control sequence.
l.195 \setbeamercolor
                     {bibliography item}{fg=black,bg=white}
The control sequence at the end of the top line
of your error message was never \def'ed. If you have
misspelled it (e.g., `\hobx'), type `I' and the correct
spelling (e.g., `I\hbox'). Otherwise just continue,
and I'll forget about whatever was undefined.


Overfull \hbox (74.45892pt too wide) in paragraph at lines 192--196
[]\T1/cmr/m/n/10 bibliography
 []


Overfull \hbox (42.48962pt too wide) in paragraph at lines 192--196
\T1/cmr/m/n/10 item[text]
 []


Overfull \hbox (17.21802pt too wide) in paragraph at lines 192--196
\T1/cmr/m/n/10 bib-
 []


Overfull \hbox (8.88672pt too wide) in paragraph at lines 192--196
\T1/cmr/m/n/10 li-
 []


Overfull \hbox (13.33008pt too wide) in paragraph at lines 192--196
\T1/cmr/m/n/10 og-
 []


Overfull \hbox (12.24701pt too wide) in paragraph at lines 192--196
\T1/cmr/m/n/10 ra-
 []


Overfull \hbox (16.10718pt too wide) in paragraph at lines 192--196
\T1/cmr/m/n/10 phy
 []


Overfull \hbox (103.0304pt too wide) in paragraph at lines 192--196
\T1/cmr/m/n/10 itemfg=black,bg=white
 []


Overfull \hbox (17.21802pt too wide) in paragraph at lines 192--196
\T1/cmr/m/n/10 bib-
 []


Overfull \hbox (8.88672pt too wide) in paragraph at lines 192--196
\T1/cmr/m/n/10 li-
 []


Overfull \hbox (13.33008pt too wide) in paragraph at lines 192--196
\T1/cmr/m/n/10 og-
 []


Overfull \hbox (12.24701pt too wide) in paragraph at lines 192--196
\T1/cmr/m/n/10 ra-
 []


Overfull \hbox (16.10718pt too wide) in paragraph at lines 192--196
\T1/cmr/m/n/10 phy
 []


Overfull \hbox (13.33008pt too wide) in paragraph at lines 192--196
\T1/cmr/m/n/10 en-
 []


Overfull \hbox (13.08014pt too wide) in paragraph at lines 192--196
\T1/cmr/m/n/10 try
 []


Overfull \hbox (13.8855pt too wide) in paragraph at lines 192--196
\T1/cmr/m/n/10 au-
 []


Overfull \hbox (101.94733pt too wide) in paragraph at lines 192--196
\T1/cmr/m/n/10 thorfg=black,bg=white
 []


Overfull \hbox (17.21802pt too wide) in paragraph at lines 192--196
\T1/cmr/m/n/10 bib-
 []


Overfull \hbox (8.88672pt too wide) in paragraph at lines 192--196
\T1/cmr/m/n/10 li-
 []


Overfull \hbox (13.33008pt too wide) in paragraph at lines 192--196
\T1/cmr/m/n/10 og-
 []


Overfull \hbox (12.24701pt too wide) in paragraph at lines 192--196
\T1/cmr/m/n/10 ra-
 []


Overfull \hbox (16.10718pt too wide) in paragraph at lines 192--196
\T1/cmr/m/n/10 phy
 []


Overfull \hbox (103.0304pt too wide) in paragraph at lines 192--196
\T1/cmr/m/n/10 itemfg=black,bg=white 
 []


./beamerthemeconfposter.sty:196: LaTeX Error: The font size command \normalsize is not defined:
               there is probably something wrong with the class file.

See the LaTeX manual or LaTeX Companion for explanation.
Type  H <return>  for immediate help.
 ...                                              
                                                  
l.196 
      
Your command was ignored.
Type  I <command> <return>  to replace it with another command,
or  <return>  to continue without it.

./beamerthemeconfposter.sty:196: Undefined control sequence.
\set@color ...\@pdfcolorstack push{\current@color 
                                                  }\aftergroup \reset@color 
l.196 
      
The control sequence at the end of the top line
of your error message was never \def'ed. If you have
misspelled it (e.g., `\hobx'), type `I' and the correct
spelling (e.g., `I\hbox'). Otherwise just continue,
and I'll forget about whatever was undefined.

./beamerthemeconfposter.sty:196: Undefined control sequence.
\set@color ...\@pdfcolorstack push{\current@color 
                                                  }\aftergroup \reset@color 
l.196 
      
The control sequence at the end of the top line
of your error message was never \def'ed. If you have
misspelled it (e.g., `\hobx'), type `I' and the correct
spelling (e.g., `I\hbox'). Otherwise just continue,
and I'll forget about whatever was undefined.

[1{/var/lib/texmf/fonts/map/pdftex/updmap/pdftex.map}]
\inboxwd=\skip44
\iinboxwd=\skip45
\inboxrule=\skip46

./beamerthemeconfposter.sty:207: Undefined control sequence.
l.207 \setbeamertemplate
                        {headline}{
The control sequence at the end of the top line
of your error message was never \def'ed. If you have
misspelled it (e.g., `\hobx'), type `I' and the correct
spelling (e.g., `I\hbox'). Otherwise just continue,
and I'll forget about whatever was undefined.


./beamerthemeconfposter.sty:207: LaTeX Error: Missing \begin{document}.

See the LaTeX manual or LaTeX Companion for explanation.
Type  H <return>  for immediate help.
 ...                                              
                                                  
l.207 \setbeamertemplate{h
                          eadline}{
You're in trouble here.  Try typing  <return>  to proceed.
If that doesn't work, type  X <return>  to quit.


./beamerthemeconfposter.sty:209: LaTeX Error: Environment columns undefined.

See the LaTeX manual or LaTeX Companion for explanation.
Type  H <return>  for immediate help.
 ...                                              
                                                  
l.209   \begin{columns}
                       
Your command was ignored.
Type  I <command> <return>  to replace it with another command,
or  <return>  to continue without it.


./beamerthemeconfposter.sty:210: LaTeX Error: Environment column undefined.

See the LaTeX manual or LaTeX Companion for explanation.
Type  H <return>  for immediate help.
 ...                                              
                                                  
l.210    \begin{column}
                       {\linewidth}
Your command was ignored.
Type  I <command> <return>  to replace it with another command,
or  <return>  to continue without it.

./beamerthemeconfposter.sty:210: Missing number, treated as zero.
<to be read again> 
                   }
l.210    \begin{column}{\linewidth}
                                   
A number should have been here; I inserted `0'.
(If you can't figure out why I needed to see a number,
look up `weird error' in the index to The TeXbook.)

./beamerthemeconfposter.sty:210: Illegal unit of measure (pt inserted).
<to be read again> 
                   }
l.210    \begin{column}{\linewidth}
                                   
Dimensions can be in units of em, ex, in, pt, pc,
cm, mm, dd, cc, nd, nc, bp, or sp; but yours is a new one!
I'll assume that you meant to say pt, for printer's points.
To recover gracefully from this error, it's best to
delete the erroneous units; e.g., type `2' to delete
two letters. (See Chapter 27 of The TeXbook.)


Overfull \hbox (56.1023pt too wide) in paragraph at lines 207--211
[]\T1/cmr/m/n/10 headline
 []

./beamerthemeconfposter.sty:212: Undefined control sequence.
l.212 		\usebeamercolor
                       {title in headline}{\color{fg}\Huge{\scshape \insertt...
The control sequence at the end of the top line
of your error message was never \def'ed. If you have
misspelled it (e.g., `\hobx'), type `I' and the correct
spelling (e.g., `I\hbox'). Otherwise just continue,
and I'll forget about whatever was undefined.


./beamerthemeconfposter.sty:212: Package xcolor Error: Undefined color `fg'.

See the xcolor package documentation for explanation.
Type  H <return>  for immediate help.
 ...                                              
                                                  
l.212 ...beamercolor{title in headline}{\color{fg}
                                                  \Huge{\scshape \inserttitl...
Try typing  <return>  to proceed.
If that doesn't work, type  X <return>  to quit.

./beamerthemeconfposter.sty:212: Undefined control sequence.
l.212 ...rcolor{title in headline}{\color{fg}\Huge
                                                  {\scshape \inserttitle}\\[...
The control sequence at the end of the top line
of your error message was never \def'ed. If you have
misspelled it (e.g., `\hobx'), type `I' and the correct
spelling (e.g., `I\hbox'). Otherwise just continue,
and I'll forget about whatever was undefined.

./beamerthemeconfposter.sty:212: Undefined control sequence.
l.212 ...ne}{\color{fg}\Huge{\scshape \inserttitle
                                                  }\\[1.5ex]}
The control sequence at the end of the top line
of your error message was never \def'ed. If you have
misspelled it (e.g., `\hobx'), type `I' and the correct
spelling (e.g., `I\hbox'). Otherwise just continue,
and I'll forget about whatever was undefined.


Overfull \hbox (17.77344pt too wide) in paragraph at lines 212--212
 \T1/cmr/m/n/10 title 
 []


Overfull \hbox (8.3313pt too wide) in paragraph at lines 212--212
 \T1/cmr/m/n/10 in 
 []


Overfull \hbox (23.88306pt too wide) in paragraph at lines 212--212
 \T1/cmr/m/n/10 head- 
 []


Overfull \hbox (15.55176pt too wide) in paragraph at lines 212--212
 \T1/cmr/m/n/10 line[] 
 []

./beamerthemeconfposter.sty:214: Undefined control sequence.
l.214     	\usebeamercolor
                          {author in headline}{\color{fg}\LARGE{\rmfamily\in...
The control sequence at the end of the top line
of your error message was never \def'ed. If you have
misspelled it (e.g., `\hobx'), type `I' and the correct
spelling (e.g., `I\hbox'). Otherwise just continue,
and I'll forget about whatever was undefined.


./beamerthemeconfposter.sty:214: Package xcolor Error: Undefined color `fg'.

See the xcolor package documentation for explanation.
Type  H <return>  for immediate help.
 ...                                              
                                                  
l.214 ...eamercolor{author in headline}{\color{fg}
                                                  \LARGE{\rmfamily\insertaut...
Try typing  <return>  to proceed.
If that doesn't work, type  X <return>  to quit.

./beamerthemeconfposter.sty:214: Undefined control sequence.
l.214 ...olor{author in headline}{\color{fg}\LARGE
                                                  {\rmfamily\insertauthor}\\...
The control sequence at the end of the top line
of your error message was never \def'ed. If you have
misspelled it (e.g., `\hobx'), type `I' and the correct
spelling (e.g., `I\hbox'). Otherwise just continue,
and I'll forget about whatever was undefined.

./beamerthemeconfposter.sty:214: Undefined control sequence.
l.214 ...}{\color{fg}\LARGE{\rmfamily\insertauthor
                                                  }\\[1.3ex]}
The control sequence at the end of the top line
of your error message was never \def'ed. If you have
misspelled it (e.g., `\hobx'), type `I' and the correct
spelling (e.g., `I\hbox'). Otherwise just continue,
and I'll forget about whatever was undefined.


Overfull \hbox (28.9096pt too wide) in paragraph at lines 214--214
 []\T1/cmr/m/n/10 author 
 []


Overfull \hbox (8.3313pt too wide) in paragraph at lines 214--214
 \T1/cmr/m/n/10 in 
 []


Overfull \hbox (23.88306pt too wide) in paragraph at lines 214--214
 \T1/cmr/m/n/10 head- 
 []


Overfull \hbox (15.55176pt too wide) in paragraph at lines 214--214
 \T1/cmr/m/n/10 line[] 
 []


./beamerthemeconfposter.sty:218: LaTeX Error: \begin{document} ended by \end{column}.

See the LaTeX manual or LaTeX Companion for explanation.
Type  H <return>  for immediate help.
 ...                                              
                                                  
l.218    \end{column}
                     
Your command was ignored.
Type  I <command> <return>  to replace it with another command,
or  <return>  to continue without it.


./beamerthemeconfposter.sty:220: LaTeX Error: \begin{document} ended by \end{columns}.

See the LaTeX manual or LaTeX Companion for explanation.
Type  H <return>  for immediate help.
 ...                                              
                                                  
l.220   \end{columns}
                     
Your command was ignored.
Type  I <command> <return>  to replace it with another command,
or  <return>  to continue without it.


./beamerthemeconfposter.sty:222: LaTeX Error: Environment beamercolorbox undefined.

See the LaTeX manual or LaTeX Companion for explanation.
Type  H <return>  for immediate help.
 ...                                              
                                                  
l.222  \hspace{0.5in}\begin{beamercolorbox}
                                           [wd=47in,ht=0.02ex,colsep=0.15cm]...
Your command was ignored.
Type  I <command> <return>  to replace it with another command,
or  <return>  to continue without it.


./beamerthemeconfposter.sty:222: LaTeX Error: \begin{document} ended by \end{beamercolorbox}.

See the LaTeX manual or LaTeX Companion for explanation.
Type  H <return>  for immediate help.
 ...                                              
                                                  
l.222 ...colsep=0.15cm]{cboxb}\end{beamercolorbox}
                                                  
Your command was ignored.
Type  I <command> <return>  to replace it with another command,
or  <return>  to continue without it.


Overfull \hbox (220.86766pt too wide) in paragraph at lines 222--225
 \T1/cmr/m/n/10 [wd=47in,ht=0.02ex,colsep=0.15cm]cboxb
 []

./beamerthemeconfposter.sty:227: Undefined control sequence.
l.227 \setbeamertemplate
                        {block begin}
The control sequence at the end of the top line
of your error message was never \def'ed. If you have
misspelled it (e.g., `\hobx'), type `I' and the correct
spelling (e.g., `I\hbox'). Otherwise just continue,
and I'll forget about whatever was undefined.


./beamerthemeconfposter.sty:227: LaTeX Error: Missing \begin{document}.

See the LaTeX manual or LaTeX Companion for explanation.
Type  H <return>  for immediate help.
 ...                                              
                                                  
l.227 \setbeamertemplate{b
                          lock begin}
You're in trouble here.  Try typing  <return>  to proceed.
If that doesn't work, type  X <return>  to quit.


Overfull \hbox (43.04993pt too wide) in paragraph at lines 227--229
[]\T1/cmr/m/n/10 block
 []


Overfull \hbox (13.60779pt too wide) in paragraph at lines 227--229
\T1/cmr/m/n/10 be-
 []


Overfull \hbox (13.33008pt too wide) in paragraph at lines 227--229
\T1/cmr/m/n/10 gin
 []


./beamerthemeconfposter.sty:230: LaTeX Error: Environment beamercolorbox undefined.

See the LaTeX manual or LaTeX Companion for explanation.
Type  H <return>  for immediate help.
 ...                                              
                                                  
l.230   \begin{beamercolorbox}
                              [colsep*=0ex,dp={2ex},center]{block title}
Your command was ignored.
Type  I <command> <return>  to replace it with another command,
or  <return>  to continue without it.


./beamerthemeconfposter.sty:230: LaTeX Error: Missing \begin{document}.

See the LaTeX manual or LaTeX Companion for explanation.
Type  H <return>  for immediate help.
 ...                                              
                                                  
l.230   \begin{beamercolorbox}[
                               colsep*=0ex,dp={2ex},center]{block title}
You're in trouble here.  Try typing  <return>  to proceed.
If that doesn't work, type  X <return>  to quit.


Overfull \hbox (167.82501pt too wide) in paragraph at lines 230--231
[]\T1/cmr/m/n/10 [colsep*=0ex,dp=2ex,center]block
 []


Overfull \hbox (9.99756pt too wide) in paragraph at lines 230--231
\T1/cmr/m/n/10 ti-
 []


Overfull \hbox (11.1084pt too wide) in paragraph at lines 230--231
\T1/cmr/m/n/10 tle 
 []

./beamerthemeconfposter.sty:232: Undefined control sequence.
l.232     \usebeamerfont
                        {block title}\Large\insertblocktitle
The control sequence at the end of the top line
of your error message was never \def'ed. If you have
misspelled it (e.g., `\hobx'), type `I' and the correct
spelling (e.g., `I\hbox'). Otherwise just continue,
and I'll forget about whatever was undefined.


./beamerthemeconfposter.sty:232: LaTeX Error: Missing \begin{document}.

See the LaTeX manual or LaTeX Companion for explanation.
Type  H <return>  for immediate help.
 ...                                              
                                                  
l.232     \usebeamerfont{b
                          lock title}\Large\insertblocktitle
You're in trouble here.  Try typing  <return>  to proceed.
If that doesn't work, type  X <return>  to quit.

./beamerthemeconfposter.sty:232: Undefined control sequence.
l.232     \usebeamerfont{block title}\Large
                                           \insertblocktitle
The control sequence at the end of the top line
of your error message was never \def'ed. If you have
misspelled it (e.g., `\hobx'), type `I' and the correct
spelling (e.g., `I\hbox'). Otherwise just continue,
and I'll forget about whatever was undefined.

./beamerthemeconfposter.sty:232: Undefined control sequence.
l.232 ...rfont{block title}\Large\insertblocktitle
                                                  
The control sequence at the end of the top line
of your error message was never \def'ed. If you have
misspelled it (e.g., `\hobx'), type `I' and the correct
spelling (e.g., `I\hbox'). Otherwise just continue,
and I'll forget about whatever was undefined.


Overfull \hbox (43.04993pt too wide) in paragraph at lines 232--233
[]\T1/cmr/m/n/10 block
 []


Overfull \hbox (9.99756pt too wide) in paragraph at lines 232--233
\T1/cmr/m/n/10 ti-
 []


Overfull \hbox (11.1084pt too wide) in paragraph at lines 232--233
\T1/cmr/m/n/10 tle 
 []


./beamerthemeconfposter.sty:234: LaTeX Error: \begin{document} ended by \end{beamercolorbox}.

See the LaTeX manual or LaTeX Companion for explanation.
Type  H <return>  for immediate help.
 ...                                              
                                                  
l.234   \end{beamercolorbox}
                            
Your command was ignored.
Type  I <command> <return>  to replace it with another command,
or  <return>  to continue without it.

./beamerthemeconfposter.sty:236: Undefined control sequence.
l.236   \ifbeamercolorempty
                           [bg]{block title}
The control sequence at the end of the top line
of your error message was never \def'ed. If you have
misspelled it (e.g., `\hobx'), type `I' and the correct
spelling (e.g., `I\hbox'). Otherwise just continue,
and I'll forget about whatever was undefined.


./beamerthemeconfposter.sty:236: LaTeX Error: Missing \begin{document}.

See the LaTeX manual or LaTeX Companion for explanation.
Type  H <return>  for immediate help.
 ...                                              
                                                  
l.236   \ifbeamercolorempty[
                            bg]{block title}
You're in trouble here.  Try typing  <return>  to proceed.
If that doesn't work, type  X <return>  to quit.

./beamerthemeconfposter.sty:238: Undefined control sequence.
l.238   {\ifbeamercolorempty
                            [bg]{block body}{}{\nointerlineskip\vskip-0.5pt}}
The control sequence at the end of the top line
of your error message was never \def'ed. If you have
misspelled it (e.g., `\hobx'), type `I' and the correct
spelling (e.g., `I\hbox'). Otherwise just continue,
and I'll forget about whatever was undefined.

./beamerthemeconfposter.sty:238: You can't use `\prevdepth' in horizontal mode.
\nointerlineskip ->\prevdepth 
                              -\@m \p@ 
l.238 ...rempty[bg]{block body}{}{\nointerlineskip
                                                  \vskip-0.5pt}}
Sorry, but I'm not programmed to handle this case;
I'll just pretend that you didn't ask for it.
If you're in the wrong mode, you might be able to
return to the right one by typing `I}' or `I$' or `I\par'.

./beamerthemeconfposter.sty:238: Missing $ inserted.
<inserted text> 
                $
l.238 ...rempty[bg]{block body}{}{\nointerlineskip
                                                  \vskip-0.5pt}}
I've inserted a begin-math/end-math symbol since I think
you left one out. Proceed, with fingers crossed.

LaTeX Font Info:    Try loading font information for OT1+lmr on input line 238.
(/usr/share/texmf-dist/tex/latex/lm/ot1lmr.fd
File: ot1lmr.fd 2009/10/30 v1.6 Font defs for Latin Modern
)
LaTeX Font Info:    Try loading font information for OML+lmm on input line 238.
 (/usr/share/texmf-dist/tex/latex/lm/omllmm.fd
File: omllmm.fd 2009/10/30 v1.6 Font defs for Latin Modern
)
LaTeX Font Info:    Try loading font information for OMS+lmsy on input line 238.
 (/usr/share/texmf-dist/tex/latex/lm/omslmsy.fd
File: omslmsy.fd 2009/10/30 v1.6 Font defs for Latin Modern
)
LaTeX Font Info:    Try loading font information for OMX+lmex on input line 238.
 (/usr/share/texmf-dist/tex/latex/lm/omxlmex.fd
File: omxlmex.fd 2009/10/30 v1.6 Font defs for Latin Modern
)
LaTeX Font Info:    External font `lmex10' loaded for size
(Font)              <10> on input line 238.
LaTeX Font Info:    External font `lmex10' loaded for size
(Font)              <7> on input line 238.
LaTeX Font Info:    External font `lmex10' loaded for size
(Font)              <5> on input line 238.
LaTeX Font Info:    Try loading font information for U+msa on input line 238.
 (/usr/share/texmf-dist/tex/latex/amsfonts/umsa.fd
File: umsa.fd 2013/01/14 v3.01 AMS symbols A
)
LaTeX Font Info:    Try loading font information for U+msb on input line 238.
 (/usr/share/texmf-dist/tex/latex/amsfonts/umsb.fd
File: umsb.fd 2013/01/14 v3.01 AMS symbols B
)
./beamerthemeconfposter.sty:238: Missing number, treated as zero.
<to be read again> 
                   \vskip 
l.238 ...[bg]{block body}{}{\nointerlineskip\vskip
                                                  -0.5pt}}
A number should have been here; I inserted `0'.
(If you can't figure out why I needed to see a number,
look up `weird error' in the index to The TeXbook.)

./beamerthemeconfposter.sty:238: Illegal unit of measure (pt inserted).
<to be read again> 
                   \vskip 
l.238 ...[bg]{block body}{}{\nointerlineskip\vskip
                                                  -0.5pt}}
Dimensions can be in units of em, ex, in, pt, pc,
cm, mm, dd, cc, nd, nc, bp, or sp; but yours is a new one!
I'll assume that you meant to say pt, for printer's points.
To recover gracefully from this error, it's best to
delete the erroneous units; e.g., type `2' to delete
two letters. (See Chapter 27 of The TeXbook.)

./beamerthemeconfposter.sty:238: Missing $ inserted.
<inserted text> 
                $
l.238 ...[bg]{block body}{}{\nointerlineskip\vskip
                                                  -0.5pt}}
I've inserted a begin-math/end-math symbol since I think
you left one out. Proceed, with fingers crossed.

Missing character: There is no  in font lmex10!

Overfull \hbox (59.1571pt too wide) in paragraph at lines 236--238
[]\T1/cmr/m/n/10 [bg]block
 []


Overfull \hbox (9.99756pt too wide) in paragraph at lines 236--238
\T1/cmr/m/n/10 ti-
 []


Overfull \hbox (11.1084pt too wide) in paragraph at lines 236--238
\T1/cmr/m/n/10 tle
 []


Overfull \hbox (39.1571pt too wide) in paragraph at lines 236--238
\T1/cmr/m/n/10 [bg]block
 []


Overfull \hbox (25.2716pt too wide) in paragraph at lines 236--238
\T1/cmr/m/n/10 body-
 []

./beamerthemeconfposter.sty:239: Undefined control sequence.
l.239   \usebeamerfont
                      {block body}
The control sequence at the end of the top line
of your error message was never \def'ed. If you have
misspelled it (e.g., `\hobx'), type `I' and the correct
spelling (e.g., `I\hbox'). Otherwise just continue,
and I'll forget about whatever was undefined.


./beamerthemeconfposter.sty:239: LaTeX Error: Missing \begin{document}.

See the LaTeX manual or LaTeX Companion for explanation.
Type  H <return>  for immediate help.
 ...                                              
                                                  
l.239   \usebeamerfont{b
                        lock body}
You're in trouble here.  Try typing  <return>  to proceed.
If that doesn't work, type  X <return>  to quit.


Overfull \hbox (43.04993pt too wide) in paragraph at lines 239--240
[]\T1/cmr/m/n/10 block
 []


Overfull \hbox (21.93909pt too wide) in paragraph at lines 239--240
\T1/cmr/m/n/10 body 
 []


./beamerthemeconfposter.sty:241: LaTeX Error: Environment beamercolorbox undefined.

See the LaTeX manual or LaTeX Companion for explanation.
Type  H <return>  for immediate help.
 ...                                              
                                                  
l.241   \begin{beamercolorbox}
                              [colsep*=0ex,vmode]{block body}
Your command was ignored.
Type  I <command> <return>  to replace it with another command,
or  <return>  to continue without it.


./beamerthemeconfposter.sty:241: LaTeX Error: Missing \begin{document}.

See the LaTeX manual or LaTeX Companion for explanation.
Type  H <return>  for immediate help.
 ...                                              
                                                  
l.241   \begin{beamercolorbox}[
                               colsep*=0ex,vmode]{block body}
You're in trouble here.  Try typing  <return>  to proceed.
If that doesn't work, type  X <return>  to quit.

./beamerthemeconfposter.sty:242: Undefined control sequence.
l.242   \justifying
                   
The control sequence at the end of the top line
of your error message was never \def'ed. If you have
misspelled it (e.g., `\hobx'), type `I' and the correct
spelling (e.g., `I\hbox'). Otherwise just continue,
and I'll forget about whatever was undefined.

./beamerthemeconfposter.sty:243: Extra }, or forgotten \endgroup.
l.243 }
       
I've deleted a group-closing symbol because it seems to be
spurious, as in `$x}$'. But perhaps the } is legitimate and
you forgot something else, as in `\hbox{$x}'. In such cases
the way to recover is to insert both the forgotten and the
deleted material, e.g., by typing `I$}'.


Overfull \hbox (133.91663pt too wide) in paragraph at lines 241--244
[]\T1/cmr/m/n/10 [colsep*=0ex,vmode]block
 []


Overfull \hbox (21.93909pt too wide) in paragraph at lines 241--244
\T1/cmr/m/n/10 body
 []

./beamerthemeconfposter.sty:245: Undefined control sequence.
l.245 \setbeamertemplate
                        {block end}
The control sequence at the end of the top line
of your error message was never \def'ed. If you have
misspelled it (e.g., `\hobx'), type `I' and the correct
spelling (e.g., `I\hbox'). Otherwise just continue,
and I'll forget about whatever was undefined.


./beamerthemeconfposter.sty:245: LaTeX Error: Missing \begin{document}.

See the LaTeX manual or LaTeX Companion for explanation.
Type  H <return>  for immediate help.
 ...                                              
                                                  
l.245 \setbeamertemplate{b
                          lock end}
You're in trouble here.  Try typing  <return>  to proceed.
If that doesn't work, type  X <return>  to quit.


./beamerthemeconfposter.sty:247: LaTeX Error: \begin{document} ended by \end{beamercolorbox}.

See the LaTeX manual or LaTeX Companion for explanation.
Type  H <return>  for immediate help.
 ...                                              
                                                  
l.247   \end{beamercolorbox}
                            
Your command was ignored.
Type  I <command> <return>  to replace it with another command,
or  <return>  to continue without it.

./beamerthemeconfposter.sty:247: Missing } inserted.
<inserted text> 
                }
l.247   \end{beamercolorbox}
                            
I've inserted something that you may have forgotten.
(See the <inserted text> above.)
With luck, this will get me unwedged. But if you
really didn't forget anything, try typing `2' now; then
my insertion and my current dilemma will both disappear.


Overfull \hbox (43.04993pt too wide) in paragraph at lines 245--248
[]\T1/cmr/m/n/10 block
 []


Overfull \hbox (15.55176pt too wide) in paragraph at lines 245--248
\T1/cmr/m/n/10 end
 []

./beamerthemeconfposter.sty:252: Undefined control sequence.
l.252 \setbeamertemplate
                        {block alerted begin}
The control sequence at the end of the top line
of your error message was never \def'ed. If you have
misspelled it (e.g., `\hobx'), type `I' and the correct
spelling (e.g., `I\hbox'). Otherwise just continue,
and I'll forget about whatever was undefined.


./beamerthemeconfposter.sty:252: LaTeX Error: Missing \begin{document}.

See the LaTeX manual or LaTeX Companion for explanation.
Type  H <return>  for immediate help.
 ...                                              
                                                  
l.252 \setbeamertemplate{b
                          lock alerted begin}
You're in trouble here.  Try typing  <return>  to proceed.
If that doesn't work, type  X <return>  to quit.


Overfull \hbox (43.04993pt too wide) in paragraph at lines 252--254
[]\T1/cmr/m/n/10 block
 []


Overfull \hbox (30.02045pt too wide) in paragraph at lines 252--254
\T1/cmr/m/n/10 alerted
 []


Overfull \hbox (13.60779pt too wide) in paragraph at lines 252--254
\T1/cmr/m/n/10 be-
 []


Overfull \hbox (13.33008pt too wide) in paragraph at lines 252--254
\T1/cmr/m/n/10 gin
 []


./beamerthemeconfposter.sty:255: LaTeX Error: Environment beamercolorbox undefined.

See the LaTeX manual or LaTeX Companion for explanation.
Type  H <return>  for immediate help.
 ...                                              
                                                  
l.255   \begin{beamercolorbox}
                              [sep=0ex,rounded=true,center,dp={2ex}]{block a...
Your command was ignored.
Type  I <command> <return>  to replace it with another command,
or  <return>  to continue without it.


./beamerthemeconfposter.sty:255: LaTeX Error: Missing \begin{document}.

See the LaTeX manual or LaTeX Companion for explanation.
Type  H <return>  for immediate help.
 ...                                              
                                                  
l.255   \begin{beamercolorbox}[
                               sep=0ex,rounded=true,center,dp={2ex}]{block a...
You're in trouble here.  Try typing  <return>  to proceed.
If that doesn't work, type  X <return>  to quit.


Overfull \hbox (214.53583pt too wide) in paragraph at lines 255--256
[]\T1/cmr/m/n/10 [sep=0ex,rounded=true,center,dp=2ex]block
 []


Overfull \hbox (30.02045pt too wide) in paragraph at lines 255--256
\T1/cmr/m/n/10 alerted
 []


Overfull \hbox (9.99756pt too wide) in paragraph at lines 255--256
\T1/cmr/m/n/10 ti-
 []


Overfull \hbox (11.1084pt too wide) in paragraph at lines 255--256
\T1/cmr/m/n/10 tle 
 []

./beamerthemeconfposter.sty:257: Undefined control sequence.
l.257     \usebeamerfont
                        {block title}\Large\insertblocktitle
The control sequence at the end of the top line
of your error message was never \def'ed. If you have
misspelled it (e.g., `\hobx'), type `I' and the correct
spelling (e.g., `I\hbox'). Otherwise just continue,
and I'll forget about whatever was undefined.


./beamerthemeconfposter.sty:257: LaTeX Error: Missing \begin{document}.

See the LaTeX manual or LaTeX Companion for explanation.
Type  H <return>  for immediate help.
 ...                                              
                                                  
l.257     \usebeamerfont{b
                          lock title}\Large\insertblocktitle
You're in trouble here.  Try typing  <return>  to proceed.
If that doesn't work, type  X <return>  to quit.

./beamerthemeconfposter.sty:257: Undefined control sequence.
l.257     \usebeamerfont{block title}\Large
                                           \insertblocktitle
The control sequence at the end of the top line
of your error message was never \def'ed. If you have
misspelled it (e.g., `\hobx'), type `I' and the correct
spelling (e.g., `I\hbox'). Otherwise just continue,
and I'll forget about whatever was undefined.

./beamerthemeconfposter.sty:257: Undefined control sequence.
l.257 ...rfont{block title}\Large\insertblocktitle
                                                  
The control sequence at the end of the top line
of your error message was never \def'ed. If you have
misspelled it (e.g., `\hobx'), type `I' and the correct
spelling (e.g., `I\hbox'). Otherwise just continue,
and I'll forget about whatever was undefined.


./beamerthemeconfposter.sty:258: LaTeX Error: \begin{document} ended by \end{beamercolorbox}.

See the LaTeX manual or LaTeX Companion for explanation.
Type  H <return>  for immediate help.
 ...                                              
                                                  
l.258   \end{beamercolorbox}
                            
Your command was ignored.
Type  I <command> <return>  to replace it with another command,
or  <return>  to continue without it.


Overfull \hbox (43.04993pt too wide) in paragraph at lines 257--259
[]\T1/cmr/m/n/10 block
 []


Overfull \hbox (9.99756pt too wide) in paragraph at lines 257--259
\T1/cmr/m/n/10 ti-
 []


Overfull \hbox (11.1084pt too wide) in paragraph at lines 257--259
\T1/cmr/m/n/10 tle 
 []

./beamerthemeconfposter.sty:260: Undefined control sequence.
l.260   \usebeamerfont
                      {block body}
The control sequence at the end of the top line
of your error message was never \def'ed. If you have
misspelled it (e.g., `\hobx'), type `I' and the correct
spelling (e.g., `I\hbox'). Otherwise just continue,
and I'll forget about whatever was undefined.


./beamerthemeconfposter.sty:260: LaTeX Error: Missing \begin{document}.

See the LaTeX manual or LaTeX Companion for explanation.
Type  H <return>  for immediate help.
 ...                                              
                                                  
l.260   \usebeamerfont{b
                        lock body}
You're in trouble here.  Try typing  <return>  to proceed.
If that doesn't work, type  X <return>  to quit.


Overfull \hbox (43.04993pt too wide) in paragraph at lines 260--261
[]\T1/cmr/m/n/10 block
 []


Overfull \hbox (21.93909pt too wide) in paragraph at lines 260--261
\T1/cmr/m/n/10 body 
 []


./beamerthemeconfposter.sty:262: LaTeX Error: Environment beamercolorbox undefined.

See the LaTeX manual or LaTeX Companion for explanation.
Type  H <return>  for immediate help.
 ...                                              
                                                  
l.262   \begin{beamercolorbox}
                              [sep=0.5cm, rounded=true,center]{block alerted...
Your command was ignored.
Type  I <command> <return>  to replace it with another command,
or  <return>  to continue without it.


./beamerthemeconfposter.sty:262: LaTeX Error: Missing \begin{document}.

See the LaTeX manual or LaTeX Companion for explanation.
Type  H <return>  for immediate help.
 ...                                              
                                                  
l.262   \begin{beamercolorbox}[
                               sep=0.5cm, rounded=true,center]{block alerted...
You're in trouble here.  Try typing  <return>  to proceed.
If that doesn't work, type  X <return>  to quit.


./beamerthemeconfposter.sty:265: LaTeX Error: Environment beamercolorbox undefined.

See the LaTeX manual or LaTeX Companion for explanation.
Type  H <return>  for immediate help.
 ...                                              
                                                  
l.265   \begin{beamercolorbox}
                              [rounded=true,wd={\inboxwd},center]{block aler...
Your command was ignored.
Type  I <command> <return>  to replace it with another command,
or  <return>  to continue without it.

./beamerthemeconfposter.sty:265: Missing number, treated as zero.
<to be read again> 
                   }
l.265 ...eamercolorbox}[rounded=true,wd={\inboxwd}
                                                  ,center]{block alerted body}
A number should have been here; I inserted `0'.
(If you can't figure out why I needed to see a number,
look up `weird error' in the index to The TeXbook.)

./beamerthemeconfposter.sty:265: Illegal unit of measure (pt inserted).
<to be read again> 
                   }
l.265 ...eamercolorbox}[rounded=true,wd={\inboxwd}
                                                  ,center]{block alerted body}
Dimensions can be in units of em, ex, in, pt, pc,
cm, mm, dd, cc, nd, nc, bp, or sp; but yours is a new one!
I'll assume that you meant to say pt, for printer's points.
To recover gracefully from this error, it's best to
delete the erroneous units; e.g., type `2' to delete
two letters. (See Chapter 27 of The TeXbook.)


Overfull \hbox (72.82043pt too wide) in paragraph at lines 262--270
[]\T1/cmr/m/n/10 [sep=0.5cm,
 []


Overfull \hbox (116.16608pt too wide) in paragraph at lines 262--270
\T1/cmr/m/n/10 rounded=true,center]block
 []


Overfull \hbox (30.02045pt too wide) in paragraph at lines 262--270
\T1/cmr/m/n/10 alerted
 []


Overfull \hbox (9.99756pt too wide) in paragraph at lines 262--270
\T1/cmr/m/n/10 ti-
 []


Overfull \hbox (11.1084pt too wide) in paragraph at lines 262--270
\T1/cmr/m/n/10 tle
 []


Overfull \hbox (142.27081pt too wide) in paragraph at lines 262--270
\T1/cmr/m/n/10 [rounded=true,wd=,center]block
 []


Overfull \hbox (30.02045pt too wide) in paragraph at lines 262--270
\T1/cmr/m/n/10 alerted
 []


Overfull \hbox (21.93909pt too wide) in paragraph at lines 262--270
\T1/cmr/m/n/10 body
 []

./beamerthemeconfposter.sty:272: Undefined control sequence.
l.272   \justifying
                   
The control sequence at the end of the top line
of your error message was never \def'ed. If you have
misspelled it (e.g., `\hobx'), type `I' and the correct
spelling (e.g., `I\hbox'). Otherwise just continue,
and I'll forget about whatever was undefined.

./beamerthemeconfposter.sty:273: Extra }, or forgotten \endgroup.
l.273 }
       
I've deleted a group-closing symbol because it seems to be
spurious, as in `$x}$'. But perhaps the } is legitimate and
you forgot something else, as in `\hbox{$x}'. In such cases
the way to recover is to insert both the forgotten and the
deleted material, e.g., by typing `I$}'.

./beamerthemeconfposter.sty:275: Undefined control sequence.
l.275 \setbeamertemplate
                        {block alerted end}
The control sequence at the end of the top line
of your error message was never \def'ed. If you have
misspelled it (e.g., `\hobx'), type `I' and the correct
spelling (e.g., `I\hbox'). Otherwise just continue,
and I'll forget about whatever was undefined.


Overfull \hbox (65.72903pt too wide) in paragraph at lines 275--277
[]\T1/cmr/m/n/10 block
 []


Overfull \hbox (72.69955pt too wide) in paragraph at lines 275--277
\T1/cmr/m/n/10 alerted
 []


Overfull \hbox (58.23087pt too wide) in paragraph at lines 275--277
\T1/cmr/m/n/10 end
 []


Overfull \hbox (42.67911pt too wide) in paragraph at lines 275--277

 []

./beamerthemeconfposter.sty:277: Missing } inserted.
<inserted text> 
                }
l.277   \end{minipage}
                      
I've inserted something that you may have forgotten.
(See the <inserted text> above.)
With luck, this will get me unwedged. But if you
really didn't forget anything, try typing `2' now; then
my insertion and my current dilemma will both disappear.


./beamerthemeconfposter.sty:279: LaTeX Error: \begin{document} ended by \end{beamercolorbox}.

See the LaTeX manual or LaTeX Companion for explanation.
Type  H <return>  for immediate help.
 ...                                              
                                                  
l.279   \end{beamercolorbox}
                            
Your command was ignored.
Type  I <command> <return>  to replace it with another command,
or  <return>  to continue without it.


./beamerthemeconfposter.sty:280: LaTeX Error: \begin{document} ended by \end{beamercolorbox}.

See the LaTeX manual or LaTeX Companion for explanation.
Type  H <return>  for immediate help.
 ...                                              
                                                  
l.280   \end{beamercolorbox}
                            
Your command was ignored.
Type  I <command> <return>  to replace it with another command,
or  <return>  to continue without it.

)
! Emergency stop.
<*> beamerthemeconfposter.sty
                             
*** (job aborted, no legal \end found)

 
Here is how much of TeX's memory you used:
 12617 strings out of 492982
 252686 string characters out of 6138579
 276315 words of memory out of 5000000
 15964 multiletter control sequences out of 15000+600000
 23116 words of font info for 34 fonts, out of 8000000 for 9000
 1141 hyphenation exceptions out of 8191
 55i,5n,54p,437b,148s stack positions out of 5000i,500n,10000p,200000b,80000s
!  ==> Fatal error occurred, no output PDF file produced!
